[2025-05-22 08:41:20] Received code from Google, user_type: admin
[2025-05-22 08:41:21] Received access token
[2025-05-22 08:41:21] User info received: email=jetsada.ta@mbu.ac.th, google_id=112165823416057460835
[2025-05-22 08:41:21] Admin email check: jetsada.ta@mbu.ac.th, rows found: 1
[2025-05-22 08:41:21] Admin found: id=1, name=ผู้ดูแลระบบ
[2025-05-22 08:41:21] Updated admin google_id: id=1
[2025-05-22 08:41:21] Admin login successful, checking if connecting from profile
[2025-05-22 08:51:04] Received code from Google, user_type: student
[2025-05-22 08:51:05] Received access token
[2025-05-22 08:51:05] User info received: email=jetsada.ta@mbu.ac.th, google_id=112165823416057460835
[2025-05-22 08:51:05] Updated student google_id: student_id=631001001
[2025-05-22 08:51:05] Student login successful: id=1, name=สมชาย รักเรียน
[2025-05-22 08:52:40] Received code from Google, user_type: student
[2025-05-22 08:52:41] Received access token
[2025-05-22 08:52:41] User info received: email=jetsada.ta@mbu.ac.th, google_id=112165823416057460835
[2025-05-22 08:52:41] Updated student google_id: student_id=631001001
[2025-05-22 08:52:41] Student login successful: id=1, name=สมชาย รักเรียน
[2025-05-22 08:55:19] Received code from Google, user_type: student
[2025-05-22 08:55:20] Received access token
[2025-05-22 08:55:20] User info received: email=jetsada.ta@mbu.ac.th, google_id=112165823416057460835
[2025-05-22 08:55:20] Updated student google_id: student_id=631001001
[2025-05-22 08:55:20] Student login successful: id=1, name=สมชาย รักเรียน
[2025-05-22 08:57:31] Received code from Google, user_type: student
[2025-05-22 08:57:31] Received access token
[2025-05-22 08:57:31] User info received: email=jetsada.ta@mbu.ac.th, google_id=112165823416057460835
[2025-05-22 08:57:31] Updated student google_id: student_id=631001001
[2025-05-22 08:57:31] Student login successful: id=1, name=สมชาย รักเรียน
[2025-05-22 08:58:02] Received code from Google, user_type: admin
[2025-05-22 08:58:02] Received access token
[2025-05-22 08:58:02] User info received: email=jetsada.ta@mbu.ac.th, google_id=112165823416057460835
[2025-05-22 08:58:02] Admin email check: jetsada.ta@mbu.ac.th, rows found: 1
[2025-05-22 08:58:02] Admin found: id=1, name=ผู้ดูแลระบบ
[2025-05-22 08:58:02] Updated admin google_id: id=1
[2025-05-22 08:58:02] Admin login successful, checking if connecting from profile
[2025-05-22 13:45:16] Received code from Google, user_type: admin
[2025-05-22 13:45:16] Received access token
[2025-05-22 13:45:16] User info received: email=jetsada.ta@mbu.ac.th, google_id=112165823416057460835
[2025-05-22 13:45:16] Admin email check: jetsada.ta@mbu.ac.th, rows found: 1
[2025-05-22 13:45:16] Admin found: id=1, name=ผู้ดูแลระบบ
[2025-05-22 13:45:16] Updated admin google_id: id=1
[2025-05-22 13:45:16] Admin login successful, checking if connecting from profile
[2025-05-22 13:45:23] Received code from Google, user_type: admin
[2025-05-22 13:45:23] Received access token
[2025-05-22 13:45:23] User info received: email=jetsada.ta@mbu.ac.th, google_id=112165823416057460835
[2025-05-22 13:45:23] Admin email check: jetsada.ta@mbu.ac.th, rows found: 1
[2025-05-22 13:45:23] Admin found: id=1, name=ผู้ดูแลระบบ
[2025-05-22 13:45:23] Admin login successful, checking if connecting from profile
[2025-05-22 14:08:40] Received code from Google, user_type: student
[2025-05-22 14:08:40] Received access token successfully
[2025-05-22 14:08:40] User info received: email=jetsada.ta@mbu.ac.th, google_id=112165823416057460835
[2025-05-22 14:08:40] Updated student google_id: student_id=631001001
[2025-05-22 14:08:40] Stored refresh token for student: 631001001
[2025-05-22 14:27:25] Received code from Google, user_type: student
[2025-05-22 14:27:25] Received access token successfully
[2025-05-22 14:27:25] User info received: email=jetsada.ta@mbu.ac.th, google_id=112165823416057460835
[2025-05-22 14:27:25] Updated student google_id: student_id=631001001
[2025-05-22 14:27:25] Stored refresh token for student: 631001001
[2025-05-22 14:31:00] Received code from Google, user_type: student
[2025-05-22 14:31:00] Received access token successfully
[2025-05-22 14:31:00] User info received: email=jetsada.ta@mbu.ac.th, google_id=112165823416057460835
[2025-05-22 14:31:00] Updated student google_id: student_id=631001001
[2025-05-22 14:31:00] Stored refresh token for student: 631001001
[2025-05-22 14:36:59] Received code from Google, user_type: student
[2025-05-22 14:36:59] Received access token successfully
[2025-05-22 14:36:59] User info received: email=jetsada.ta@mbu.ac.th, google_id=112165823416057460835
[2025-05-22 14:36:59] Updated student google_id: student_id=631001001
[2025-05-22 14:36:59] Stored refresh token for student: 631001001
[2025-05-22 14:36:59] Stored tokens in database for student: 631001001
[2025-05-22 14:36:59] Student login successful: id=1, name=สมชาย รักเรียน
[2025-05-22 14:46:44] Received code from Google, user_type: student
[2025-05-22 14:46:44] Received access token successfully
[2025-05-22 14:46:44] User info received: email=somchai.ruk@mbu.ac.th, google_id=112736753087446888740
[2025-05-22 14:46:44] Updated student google_id: student_id=631001001
[2025-05-22 14:46:44] Stored refresh token for student: 631001001
[2025-05-22 14:46:44] Stored tokens in database for student: 631001001
[2025-05-22 14:46:44] Student login successful: id=1, name=สมชาย รักเรียน
[2025-05-22 14:47:57] Received code from Google, user_type: student
[2025-05-22 14:47:57] Received access token successfully
[2025-05-22 14:47:57] User info received: email=somchai.ruk@mbu.ac.th, google_id=112736753087446888740
[2025-05-22 14:47:57] Stored refresh token for student: 631001001
[2025-05-22 14:47:57] Stored tokens in database for student: 631001001
[2025-05-22 14:47:57] Student login successful: id=1, name=สมชาย รักเรียน
[2025-05-22 15:06:31] Received code from Google, user_type: student
[2025-05-22 15:06:31] Received access token successfully
[2025-05-22 15:06:32] User info received: email=somchai.ruk@student.mbu.ac.th, google_id=111766699408302656693
[2025-05-22 15:06:32] Updated student google_id: student_id=631001001
[2025-05-22 15:06:32] Stored refresh token for student: 631001001
[2025-05-22 15:06:32] Stored tokens in database for student: 631001001
[2025-05-22 15:06:32] Student login successful: id=1, name=สมชาย รักเรียน
[2025-05-22 15:11:33] Received code from Google, user_type: student
[2025-05-22 15:11:34] Received access token successfully
[2025-05-22 15:11:34] User info received: email=somchai.ruk@student.mbu.ac.th, google_id=103819443211993842416
[2025-05-22 15:11:34] Updated student google_id: student_id=631001001
[2025-05-22 15:11:34] Stored refresh token for student: 631001001
[2025-05-22 15:11:34] Stored tokens in database for student: 631001001
[2025-05-22 15:11:34] Student login successful: id=1, name=สมชาย รักเรียน
