[2025-05-22 14:27:19] Starting Google OAuth for user_type: student
[2025-05-22 14:27:19] Connection initiated from profile page
[2025-05-22 14:27:19] Generated OAuth URL: https://accounts.google.com/o/oauth2/v2/auth?client_id=697435778736-l5kkvlvceqm8q8o5rcdn5qv9g5rb3lin.apps.googleusercontent.com&redirect_uri=https%3A%2F%2Fssostudent.mbu.ac.th%2Findex.php%3Fpage%3Dgoogle_callback&response_type=code&scope=https%3A%2F%2Fwww.googleapis.com%2Fauth%2Fuserinfo.email+https%3A%2F%2Fwww.googleapis.com%2Fauth%2Fuserinfo.profile+openid+https%3A%2F%2Fwww.googleapis.com%2Fauth%2Fgmail.readonly&access_type=offline&prompt=consent
[2025-05-22 14:27:19] Redirecting to Google OAuth...
[2025-05-22 14:30:54] Starting Google OAuth for user_type: student
[2025-05-22 14:30:54] Connection initiated from profile page
[2025-05-22 14:30:54] Generated OAuth URL: https://accounts.google.com/o/oauth2/v2/auth?client_id=697435778736-l5kkvlvceqm8q8o5rcdn5qv9g5rb3lin.apps.googleusercontent.com&redirect_uri=https%3A%2F%2Fssostudent.mbu.ac.th%2Findex.php%3Fpage%3Dgoogle_callback&response_type=code&scope=https%3A%2F%2Fwww.googleapis.com%2Fauth%2Fuserinfo.email+https%3A%2F%2Fwww.googleapis.com%2Fauth%2Fuserinfo.profile+openid+https%3A%2F%2Fwww.googleapis.com%2Fauth%2Fgmail.readonly&access_type=offline&prompt=consent
[2025-05-22 14:30:54] Redirecting to Google OAuth...
[2025-05-22 14:36:53] Starting Google OAuth for user_type: student
[2025-05-22 14:36:53] Connection initiated from profile page
[2025-05-22 14:36:53] Generated OAuth URL: https://accounts.google.com/o/oauth2/v2/auth?client_id=697435778736-l5kkvlvceqm8q8o5rcdn5qv9g5rb3lin.apps.googleusercontent.com&redirect_uri=https%3A%2F%2Fssostudent.mbu.ac.th%2Findex.php%3Fpage%3Dgoogle_callback&response_type=code&scope=https%3A%2F%2Fwww.googleapis.com%2Fauth%2Fuserinfo.email+https%3A%2F%2Fwww.googleapis.com%2Fauth%2Fuserinfo.profile+openid+https%3A%2F%2Fwww.googleapis.com%2Fauth%2Fgmail.readonly&access_type=offline&prompt=consent
[2025-05-22 14:36:53] Redirecting to Google OAuth...
[2025-05-22 14:44:31] Starting Google OAuth for user_type: student
[2025-05-22 14:44:31] Connection initiated from profile page
[2025-05-22 14:44:31] Generated OAuth URL: https://accounts.google.com/o/oauth2/v2/auth?client_id=697435778736-l5kkvlvceqm8q8o5rcdn5qv9g5rb3lin.apps.googleusercontent.com&redirect_uri=https%3A%2F%2Fssostudent.mbu.ac.th%2Findex.php%3Fpage%3Dgoogle_callback&response_type=code&scope=https%3A%2F%2Fwww.googleapis.com%2Fauth%2Fuserinfo.email+https%3A%2F%2Fwww.googleapis.com%2Fauth%2Fuserinfo.profile+openid+https%3A%2F%2Fwww.googleapis.com%2Fauth%2Fgmail.readonly&access_type=offline&prompt=consent
[2025-05-22 14:44:31] Redirecting to Google OAuth...
[2025-05-22 14:46:21] Starting Google OAuth for user_type: student
[2025-05-22 14:46:21] Connection initiated from profile page
[2025-05-22 14:46:21] Generated OAuth URL: https://accounts.google.com/o/oauth2/v2/auth?client_id=697435778736-l5kkvlvceqm8q8o5rcdn5qv9g5rb3lin.apps.googleusercontent.com&redirect_uri=https%3A%2F%2Fssostudent.mbu.ac.th%2Findex.php%3Fpage%3Dgoogle_callback&response_type=code&scope=https%3A%2F%2Fwww.googleapis.com%2Fauth%2Fuserinfo.email+https%3A%2F%2Fwww.googleapis.com%2Fauth%2Fuserinfo.profile+openid+https%3A%2F%2Fwww.googleapis.com%2Fauth%2Fgmail.readonly&access_type=offline&prompt=consent
[2025-05-22 14:46:21] Redirecting to Google OAuth...
[2025-05-22 14:47:51] Starting Google OAuth for user_type: student
[2025-05-22 14:47:51] Regular login flow
[2025-05-22 14:47:51] Generated OAuth URL: https://accounts.google.com/o/oauth2/v2/auth?client_id=697435778736-l5kkvlvceqm8q8o5rcdn5qv9g5rb3lin.apps.googleusercontent.com&redirect_uri=https%3A%2F%2Fssostudent.mbu.ac.th%2Findex.php%3Fpage%3Dgoogle_callback&response_type=code&scope=https%3A%2F%2Fwww.googleapis.com%2Fauth%2Fuserinfo.email+https%3A%2F%2Fwww.googleapis.com%2Fauth%2Fuserinfo.profile+openid+https%3A%2F%2Fwww.googleapis.com%2Fauth%2Fgmail.readonly&access_type=offline&prompt=consent
[2025-05-22 14:47:51] Redirecting to Google OAuth...
[2025-05-22 15:06:06] Starting Google OAuth for user_type: student
[2025-05-22 15:06:06] Connection initiated from profile page
[2025-05-22 15:06:06] Generated OAuth URL: https://accounts.google.com/o/oauth2/v2/auth?client_id=697435778736-l5kkvlvceqm8q8o5rcdn5qv9g5rb3lin.apps.googleusercontent.com&redirect_uri=https%3A%2F%2Fssostudent.mbu.ac.th%2Findex.php%3Fpage%3Dgoogle_callback&response_type=code&scope=https%3A%2F%2Fwww.googleapis.com%2Fauth%2Fuserinfo.email+https%3A%2F%2Fwww.googleapis.com%2Fauth%2Fuserinfo.profile+openid+https%3A%2F%2Fwww.googleapis.com%2Fauth%2Fgmail.readonly&access_type=offline&prompt=consent
[2025-05-22 15:06:06] Redirecting to Google OAuth...
[2025-05-22 15:10:03] Starting Google OAuth for user_type: student
[2025-05-22 15:10:03] Connection initiated from profile page
[2025-05-22 15:10:03] Generated OAuth URL: https://accounts.google.com/o/oauth2/v2/auth?client_id=697435778736-l5kkvlvceqm8q8o5rcdn5qv9g5rb3lin.apps.googleusercontent.com&redirect_uri=https%3A%2F%2Fssostudent.mbu.ac.th%2Findex.php%3Fpage%3Dgoogle_callback&response_type=code&scope=https%3A%2F%2Fwww.googleapis.com%2Fauth%2Fuserinfo.email+https%3A%2F%2Fwww.googleapis.com%2Fauth%2Fuserinfo.profile+openid+https%3A%2F%2Fwww.googleapis.com%2Fauth%2Fgmail.readonly&access_type=offline&prompt=consent
[2025-05-22 15:10:03] Redirecting to Google OAuth...
[2025-05-22 15:11:16] Starting Google OAuth for user_type: student
[2025-05-22 15:11:16] Connection initiated from profile page
[2025-05-22 15:11:16] Generated OAuth URL: https://accounts.google.com/o/oauth2/v2/auth?client_id=697435778736-l5kkvlvceqm8q8o5rcdn5qv9g5rb3lin.apps.googleusercontent.com&redirect_uri=https%3A%2F%2Fssostudent.mbu.ac.th%2Findex.php%3Fpage%3Dgoogle_callback&response_type=code&scope=https%3A%2F%2Fwww.googleapis.com%2Fauth%2Fuserinfo.email+https%3A%2F%2Fwww.googleapis.com%2Fauth%2Fuserinfo.profile+openid+https%3A%2F%2Fwww.googleapis.com%2Fauth%2Fgmail.readonly&access_type=offline&prompt=consent
[2025-05-22 15:11:16] Redirecting to Google OAuth...
