[2025-05-24 11:52:52] Starting Google OAuth for user_type: student
[2025-05-24 11:52:52] Connection initiated from profile page
[2025-05-24 11:52:52] Generated OAuth URL: https://accounts.google.com/o/oauth2/v2/auth?client_id=697435778736-l5kkvlvceqm8q8o5rcdn5qv9g5rb3lin.apps.googleusercontent.com&redirect_uri=https%3A%2F%2Fssostudent.mbu.ac.th%2Findex.php%3Fpage%3Dgoogle_callback&response_type=code&scope=https%3A%2F%2Fwww.googleapis.com%2Fauth%2Fuserinfo.email+https%3A%2F%2Fwww.googleapis.com%2Fauth%2Fuserinfo.profile+openid+https%3A%2F%2Fwww.googleapis.com%2Fauth%2Fgmail.readonly+https%3A%2F%2Fwww.googleapis.com%2Fauth%2Fdrive.readonly&access_type=offline&prompt=consent
[2025-05-24 11:52:52] Redirecting to Google OAuth...
[2025-05-24 11:55:51] Starting Google OAuth for user_type: student
[2025-05-24 11:55:51] Connection initiated from profile page
[2025-05-24 11:55:51] Generated OAuth URL: https://accounts.google.com/o/oauth2/v2/auth?client_id=697435778736-l5kkvlvceqm8q8o5rcdn5qv9g5rb3lin.apps.googleusercontent.com&redirect_uri=https%3A%2F%2Fssostudent.mbu.ac.th%2Findex.php%3Fpage%3Dgoogle_callback&response_type=code&scope=https%3A%2F%2Fwww.googleapis.com%2Fauth%2Fuserinfo.email+https%3A%2F%2Fwww.googleapis.com%2Fauth%2Fuserinfo.profile+openid+https%3A%2F%2Fwww.googleapis.com%2Fauth%2Fgmail.readonly+https%3A%2F%2Fwww.googleapis.com%2Fauth%2Fdrive.readonly&access_type=offline&prompt=consent
[2025-05-24 11:55:51] Redirecting to Google OAuth...
[2025-05-24 12:17:55] Starting Google OAuth for user_type: student
[2025-05-24 12:17:55] Connection initiated from profile page
[2025-05-24 12:17:55] Generated OAuth URL: https://accounts.google.com/o/oauth2/v2/auth?client_id=your_cliend_id&redirect_uri=https%3A%2F%2Fssostudent.mbu.ac.th%2Findex.php%3Fpage%3Dgoogle_callback&response_type=code&scope=https%3A%2F%2Fwww.googleapis.com%2Fauth%2Fuserinfo.email+https%3A%2F%2Fwww.googleapis.com%2Fauth%2Fuserinfo.profile+openid+https%3A%2F%2Fwww.googleapis.com%2Fauth%2Fgmail.readonly+https%3A%2F%2Fwww.googleapis.com%2Fauth%2Fdrive.readonly&access_type=offline&prompt=consent
[2025-05-24 12:17:55] Redirecting to Google OAuth...
[2025-05-24 12:18:01] Starting Google OAuth for user_type: student
[2025-05-24 12:18:01] Connection initiated from profile page
[2025-05-24 12:18:01] Generated OAuth URL: https://accounts.google.com/o/oauth2/v2/auth?client_id=your_cliend_id&redirect_uri=https%3A%2F%2Fssostudent.mbu.ac.th%2Findex.php%3Fpage%3Dgoogle_callback&response_type=code&scope=https%3A%2F%2Fwww.googleapis.com%2Fauth%2Fuserinfo.email+https%3A%2F%2Fwww.googleapis.com%2Fauth%2Fuserinfo.profile+openid+https%3A%2F%2Fwww.googleapis.com%2Fauth%2Fgmail.readonly+https%3A%2F%2Fwww.googleapis.com%2Fauth%2Fdrive.readonly&access_type=offline&prompt=consent
[2025-05-24 12:18:01] Redirecting to Google OAuth...
[2025-05-24 12:18:25] Starting Google OAuth for user_type: student
[2025-05-24 12:18:25] Connection initiated from profile page
[2025-05-24 12:18:25] Generated OAuth URL: https://accounts.google.com/o/oauth2/v2/auth?client_id=697435778736-l5kkvlvceqm8q8o5rcdn5qv9g5rb3lin.apps.googleusercontent.com&redirect_uri=https%3A%2F%2Fssostudent.mbu.ac.th%2Findex.php%3Fpage%3Dgoogle_callback&response_type=code&scope=https%3A%2F%2Fwww.googleapis.com%2Fauth%2Fuserinfo.email+https%3A%2F%2Fwww.googleapis.com%2Fauth%2Fuserinfo.profile+openid+https%3A%2F%2Fwww.googleapis.com%2Fauth%2Fgmail.readonly+https%3A%2F%2Fwww.googleapis.com%2Fauth%2Fdrive.readonly&access_type=offline&prompt=consent
[2025-05-24 12:18:25] Redirecting to Google OAuth...
[2025-05-24 12:18:45] Starting Google OAuth for user_type: student
[2025-05-24 12:18:45] Connection initiated from profile page
[2025-05-24 12:18:45] Generated OAuth URL: https://accounts.google.com/o/oauth2/v2/auth?client_id=697435778736-l5kkvlvceqm8q8o5rcdn5qv9g5rb3lin.apps.googleusercontent.com&redirect_uri=https%3A%2F%2Fssostudent.mbu.ac.th%2Findex.php%3Fpage%3Dgoogle_callback&response_type=code&scope=https%3A%2F%2Fwww.googleapis.com%2Fauth%2Fuserinfo.email+https%3A%2F%2Fwww.googleapis.com%2Fauth%2Fuserinfo.profile+openid+https%3A%2F%2Fwww.googleapis.com%2Fauth%2Fgmail.readonly+https%3A%2F%2Fwww.googleapis.com%2Fauth%2Fdrive.readonly&access_type=offline&prompt=consent
[2025-05-24 12:18:45] Redirecting to Google OAuth...
[2025-05-24 12:22:38] Starting Google OAuth for user_type: student
[2025-05-24 12:22:38] Connection initiated from profile page
[2025-05-24 12:22:38] Generated OAuth URL: https://accounts.google.com/o/oauth2/v2/auth?client_id=697435778736-l5kkvlvceqm8q8o5rcdn5qv9g5rb3lin.apps.googleusercontent.com&redirect_uri=https%3A%2F%2Fssostudent.mbu.ac.th%2Findex.php%3Fpage%3Dgoogle_callback&response_type=code&scope=https%3A%2F%2Fwww.googleapis.com%2Fauth%2Fuserinfo.email+https%3A%2F%2Fwww.googleapis.com%2Fauth%2Fuserinfo.profile+openid+https%3A%2F%2Fwww.googleapis.com%2Fauth%2Fgmail.readonly+https%3A%2F%2Fwww.googleapis.com%2Fauth%2Fdrive.readonly&access_type=offline&prompt=consent
[2025-05-24 12:22:38] Redirecting to Google OAuth...
[2025-05-24 12:30:19] Starting Google OAuth for user_type: student
[2025-05-24 12:30:19] Connection initiated from profile page
[2025-05-24 12:30:19] Generated OAuth URL: https://accounts.google.com/o/oauth2/v2/auth?client_id=your_client_id&redirect_uri=https%3A%2F%2Fssostudent.mbu.ac.th%2Findex.php%3Fpage%3Dgoogle_callback&response_type=code&scope=https%3A%2F%2Fwww.googleapis.com%2Fauth%2Fuserinfo.email+https%3A%2F%2Fwww.googleapis.com%2Fauth%2Fuserinfo.profile+openid+https%3A%2F%2Fwww.googleapis.com%2Fauth%2Fgmail.readonly+https%3A%2F%2Fwww.googleapis.com%2Fauth%2Fdrive.readonly&access_type=offline&prompt=consent
[2025-05-24 12:30:19] Redirecting to Google OAuth...
[2025-05-24 12:30:48] Starting Google OAuth for user_type: student
[2025-05-24 12:30:48] Connection initiated from profile page
[2025-05-24 12:30:48] Generated OAuth URL: https://accounts.google.com/o/oauth2/v2/auth?client_id=697435778736-l5kkvlvceqm8q8o5rcdn5qv9g5rb3lin.apps.googleusercontent.com&redirect_uri=https%3A%2F%2Fssostudent.mbu.ac.th%2Findex.php%3Fpage%3Dgoogle_callback&response_type=code&scope=https%3A%2F%2Fwww.googleapis.com%2Fauth%2Fuserinfo.email+https%3A%2F%2Fwww.googleapis.com%2Fauth%2Fuserinfo.profile+openid+https%3A%2F%2Fwww.googleapis.com%2Fauth%2Fgmail.readonly+https%3A%2F%2Fwww.googleapis.com%2Fauth%2Fdrive.readonly&access_type=offline&prompt=consent
[2025-05-24 12:30:48] Redirecting to Google OAuth...
[2025-05-24 12:31:00] Starting Google OAuth for user_type: student
[2025-05-24 12:31:00] Regular login flow
[2025-05-24 12:31:00] Generated OAuth URL: https://accounts.google.com/o/oauth2/v2/auth?client_id=697435778736-l5kkvlvceqm8q8o5rcdn5qv9g5rb3lin.apps.googleusercontent.com&redirect_uri=https%3A%2F%2Fssostudent.mbu.ac.th%2Findex.php%3Fpage%3Dgoogle_callback&response_type=code&scope=https%3A%2F%2Fwww.googleapis.com%2Fauth%2Fuserinfo.email+https%3A%2F%2Fwww.googleapis.com%2Fauth%2Fuserinfo.profile+openid+https%3A%2F%2Fwww.googleapis.com%2Fauth%2Fgmail.readonly+https%3A%2F%2Fwww.googleapis.com%2Fauth%2Fdrive.readonly&access_type=offline&prompt=consent
[2025-05-24 12:31:00] Redirecting to Google OAuth...
[2025-05-24 13:26:36] Starting Google OAuth for user_type: admin
[2025-05-24 13:26:36] Connection initiated from profile page
[2025-05-24 13:26:36] Generated OAuth URL: https://accounts.google.com/o/oauth2/v2/auth?client_id=697435778736-l5kkvlvceqm8q8o5rcdn5qv9g5rb3lin.apps.googleusercontent.com&redirect_uri=https%3A%2F%2Fssostudent.mbu.ac.th%2Findex.php%3Fpage%3Dgoogle_callback&response_type=code&scope=https%3A%2F%2Fwww.googleapis.com%2Fauth%2Fuserinfo.email+https%3A%2F%2Fwww.googleapis.com%2Fauth%2Fuserinfo.profile+openid+https%3A%2F%2Fwww.googleapis.com%2Fauth%2Fgmail.readonly+https%3A%2F%2Fwww.googleapis.com%2Fauth%2Fdrive.readonly&access_type=offline&prompt=consent
[2025-05-24 13:26:36] Redirecting to Google OAuth...
