[2025-05-23 11:00:04] Received code from Google, user_type: student
[2025-05-23 11:00:04] Received access token successfully
[2025-05-23 11:00:04] User info received: email=somchai.ruk@student.mbu.ac.th, google_id=103819443211993842416
[2025-05-23 11:00:04] Stored refresh token for student: 631001001
[2025-05-23 11:00:04] Stored tokens in database for student: 631001001
[2025-05-23 11:00:04] Student login successful: id=1, name=สมชาย รักเรียน
[2025-05-23 11:11:51] Received code from Google, user_type: student
[2025-05-23 11:11:51] Received access token successfully
[2025-05-23 11:11:51] User info received: email=somchai.ruk@student.mbu.ac.th, google_id=103819443211993842416
[2025-05-23 11:11:51] Stored refresh token for student: 631001001
[2025-05-23 11:11:51] Stored tokens in database for student: 631001001
[2025-05-23 11:11:51] Student login successful: id=1, name=สมชาย รักเรียน
[2025-05-23 11:16:14] Received code from Google, user_type: student
[2025-05-23 11:16:14] Received access token successfully
[2025-05-23 11:16:15] User info received: email=somchai.ruk@student.mbu.ac.th, google_id=103819443211993842416
[2025-05-23 11:16:15] Stored refresh token for student: 631001001
[2025-05-23 11:16:15] Stored tokens in database for student: 631001001
[2025-05-23 11:16:15] Student login successful: id=1, name=สมชาย รักเรียน
[2025-05-23 13:56:03] Received code from Google, user_type: student
[2025-05-23 13:56:04] Received access token successfully
[2025-05-23 13:56:04] User info received: email=somchai.ruk@student.mbu.ac.th, google_id=103819443211993842416
[2025-05-23 13:56:04] Stored refresh token for student: 631001001
[2025-05-23 13:56:04] Stored tokens in database for student: 631001001
[2025-05-23 13:56:04] Student login successful: id=1, name=สมชาย รักเรียน
